app/build/outputs/logs/manifest-merger-debug-report.txt
-- Merging decision tree log ---
manifest
ADDED from src\main\AndroidManifest.xml:2:1-42:12
	package
		ADDED from src\main\AndroidManifest.xml:3:5-46
		INJECTED from src\main\AndroidManifest.xml
		INJECTED from src\main\AndroidManifest.xml
	android:versionName
		INJECTED from src\main\AndroidManifest.xml
		INJECTED from src\main\AndroidManifest.xml
	xmlns:android
		ADDED from src\main\AndroidManifest.xml:2:11-69
	android:versionCode
		INJECTED from src\main\AndroidManifest.xml
		INJECTED from src\main\AndroidManifest.xml
uses-permission#android.permission.INTERNET
ADDED from src\main\AndroidManifest.xml:5:5-67
	android:name
		ADDED from src\main\AndroidManifest.xml:5:22-64
uses-permission#android.permission.ACCESS_NETWORK_STATE
ADDED from src\main\AndroidManifest.xml:6:5-79
	android:name
		ADDED from src\main\AndroidManifest.xml:6:22-77
uses-permission#android.permission.ACCESS_WIFI_STATE
ADDED from src\main\AndroidManifest.xml:7:5-76
MERGED from [produvia.com.weaverandroidsdk:weaverandroidsdk:0.0.27] AndroidManifest.xml:12:5-76
	android:name
		ADDED from src\main\AndroidManifest.xml:7:22-73
uses-feature#android.hardware.camera
ADDED from src\main\AndroidManifest.xml:9:5-11:35
	android:required
		ADDED from src\main\AndroidManifest.xml:11:9-32
	android:name
		ADDED from src\main\AndroidManifest.xml:10:9-47
application
ADDED from src\main\AndroidManifest.xml:13:5-40:19
MERGED from [com.android.support:design:23.4.0] AndroidManifest.xml:22:5-20
MERGED from [com.android.support:support-v4:23.4.0] AndroidManifest.xml:22:5-20
MERGED from [com.android.support:appcompat-v7:23.4.0] AndroidManifest.xml:25:5-20
MERGED from [com.android.support:animated-vector-drawable:23.4.0] AndroidManifest.xml:7:5-20
MERGED from [com.android.support:support-vector-drawable:23.4.0] AndroidManifest.xml:7:5-20
MERGED from [com.android.support:cardview-v7:23.4.0] AndroidManifest.xml:22:5-20
MERGED from [produvia.com.weaverandroidsdk:weaverandroidsdk:0.0.27] AndroidManifest.xml:21:5-25:19
MERGED from [com.android.support:palette-v7:23.4.0] AndroidManifest.xml:22:5-23:19
MERGED from [com.android.support.test:runner:0.5] AndroidManifest.xml:24:5-20
MERGED from [com.android.support.test:exposed-instrumentation-api-publish:0.5] AndroidManifest.xml:24:5-20
MERGED from [com.android.support.test.espresso:espresso-idling-resource:2.2.2] AndroidManifest.xml:24:5-20
	android:label
		ADDED from src\main\AndroidManifest.xml:16:9-41
	android:supportsRtl
		ADDED from [produvia.com.weaverandroidsdk:weaverandroidsdk:0.0.27] AndroidManifest.xml:24:9-35
	android:allowBackup
		ADDED from src\main\AndroidManifest.xml:14:9-35
	android:icon
		ADDED from src\main\AndroidManifest.xml:15:9-45
	android:theme
		ADDED from src\main\AndroidManifest.xml:17:9-53
activity#com.philips.lighting.quickstart.Activity.PHHomeActivity
ADDED from src\main\AndroidManifest.xml:18:9-20:48
	android:label
		ADDED from src\main\AndroidManifest.xml:20:13-45
	android:name
		ADDED from src\main\AndroidManifest.xml:19:13-52
activity#com.philips.lighting.quickstart.Activity.MyApplicationActivity
ADDED from src\main\AndroidManifest.xml:21:9-23:57
	android:label
		ADDED from src\main\AndroidManifest.xml:23:13-54
	android:name
		ADDED from src\main\AndroidManifest.xml:22:13-59
activity#com.philips.lighting.quickstart.Activity.PHPushlinkActivity
ADDED from src\main\AndroidManifest.xml:24:9-26:48
	android:label
		ADDED from src\main\AndroidManifest.xml:26:13-45
	android:name
		ADDED from src\main\AndroidManifest.xml:25:13-56
activity#com.philips.lighting.quickstart.Activity.SplashScreen
ADDED from src\main\AndroidManifest.xml:27:9-35:20
	android:theme
		ADDED from src\main\AndroidManifest.xml:29:13-47
	android:name
		ADDED from src\main\AndroidManifest.xml:28:13-50
intent-filter#android.intent.action.MAIN+android.intent.category.LAUNCHER
ADDED from src\main\AndroidManifest.xml:30:13-34:29
action#android.intent.action.MAIN
ADDED from src\main\AndroidManifest.xml:31:17-69
	android:name
		ADDED from src\main\AndroidManifest.xml:31:25-66
category#android.intent.category.LAUNCHER
ADDED from src\main\AndroidManifest.xml:33:17-77
	android:name
		ADDED from src\main\AndroidManifest.xml:33:27-74
activity#com.philips.lighting.quickstart.Activity.StartActivity
ADDED from src\main\AndroidManifest.xml:36:9-38:60
	android:label
		ADDED from src\main\AndroidManifest.xml:38:13-57
	android:name
		ADDED from src\main\AndroidManifest.xml:37:13-51
activity#com.philips.lighting.quickstart.Activity.RegisterActivity
ADDED from src\main\AndroidManifest.xml:39:9-72
	android:name
		ADDED from src\main\AndroidManifest.xml:39:19-60
uses-sdk
INJECTED from src\main\AndroidManifest.xml reason: use-sdk injection requested
MERGED from [com.android.support:design:23.4.0] AndroidManifest.xml:20:5-43
MERGED from [com.android.support:recyclerview-v7:23.4.0] AndroidManifest.xml:20:5-43
MERGED from [com.android.support:support-v4:23.4.0] AndroidManifest.xml:20:5-43
MERGED from [com.android.support:appcompat-v7:23.4.0] AndroidManifest.xml:21:5-23:78
MERGED from [com.android.support:animated-vector-drawable:23.4.0] AndroidManifest.xml:5:5-44
MERGED from [com.android.support:support-vector-drawable:23.4.0] AndroidManifest.xml:5:5-43
MERGED from [com.android.support:cardview-v7:23.4.0] AndroidManifest.xml:20:5-43
MERGED from [produvia.com.weaverandroidsdk:weaverandroidsdk:0.0.27] AndroidManifest.xml:7:5-9:41
MERGED from [com.larswerkman:HoloColorPicker:1.5] AndroidManifest.xml:5:5-7:41
MERGED from [com.android.support:palette-v7:23.4.0] AndroidManifest.xml:20:5-43
MERGED from [com.android.support.test.espresso:espresso-core:2.2.2] AndroidManifest.xml:20:5-22:41
MERGED from [com.android.support.test:rules:0.5] AndroidManifest.xml:5:5-7:41
MERGED from [com.android.support.test:runner:0.5] AndroidManifest.xml:20:5-22:41
MERGED from [com.android.support.test:exposed-instrumentation-api-publish:0.5] AndroidManifest.xml:20:5-22:41
MERGED from [com.android.support.test.espresso:espresso-idling-resource:2.2.2] AndroidManifest.xml:20:5-22:41
	tools:overrideLibrary
		ADDED from [com.android.support:appcompat-v7:23.4.0] AndroidManifest.xml:23:9-75
	android:targetSdkVersion
		INJECTED from src\main\AndroidManifest.xml
		INJECTED from src\main\AndroidManifest.xml
	android:minSdkVersion
		INJECTED from src\main\AndroidManifest.xml
		INJECTED from src\main\AndroidManifest.xml
uses-permission#android.permission.ACCESS_FINE_LOCATION
ADDED from [produvia.com.weaverandroidsdk:weaverandroidsdk:0.0.27] AndroidManifest.xml:11:5-79
	android:name
		ADDED from [produvia.com.weaverandroidsdk:weaverandroidsdk:0.0.27] AndroidManifest.xml:11:22-76
uses-permission#android.permission.BLUETOOTH
ADDED from [produvia.com.weaverandroidsdk:weaverandroidsdk:0.0.27] AndroidManifest.xml:13:5-68
	android:name
		ADDED from [produvia.com.weaverandroidsdk:weaverandroidsdk:0.0.27] AndroidManifest.xml:13:22-65
receiver#produvia.com.weaverandroidsdk.NetworkReceiver
ADDED from [produvia.com.weaverandroidsdk:weaverandroidsdk:0.0.27] AndroidManifest.xml:15:5-19:16
	android:name
		ADDED from [produvia.com.weaverandroidsdk:weaverandroidsdk:0.0.27] AndroidManifest.xml:15:15-75
intent-filter#android.net.conn.CONNECTIVITY_CHANGE
ADDED from [produvia.com.weaverandroidsdk:weaverandroidsdk:0.0.27] AndroidManifest.xml:16:9-18:25
action#android.net.conn.CONNECTIVITY_CHANGE
ADDED from [produvia.com.weaverandroidsdk:weaverandroidsdk:0.0.27] AndroidManifest.xml:17:13-75
	android:name
		ADDED from [produvia.com.weaverandroidsdk:weaverandroidsdk:0.0.27] AndroidManifest.xml:17:21-72